Main.EpistemicNetworkAnalysis.MeansRotation
Units (refit positions):
94×3 DataFrames.DataFrame
│ Row │ ENA_UNIT                      │ pos_x      │ pos_y       │
│     │ String                        │ Float64    │ Float64     │
├─────┼───────────────────────────────┼────────────┼─────────────┤
│ 1   │ FirstGame.First.steven z      │ 0.0123453  │ 0.170934    │
│ 2   │ FirstGame.First.akash v       │ -0.0734639 │ 0.0816768   │
│ 3   │ FirstGame.First.alexander b   │ -0.0917817 │ -0.0522149  │
│ 4   │ FirstGame.First.brandon l     │ -0.0145228 │ 0.0162784   │
│ 5   │ FirstGame.First.jordan l      │ -0.122815  │ -0.115851   │
│ 6   │ FirstGame.First.arden f       │ -0.594282  │ -0.116479   │
│ 7   │ FirstGame.First.margaret n    │ -0.12415   │ -0.197408   │
│ 8   │ FirstGame.First.connor f      │ 0.0528194  │ -0.111547   │
│ 9   │ FirstGame.First.jimmy i       │ -0.0320737 │ -0.11526    │
│ 10  │ FirstGame.First.devin c       │ -0.206454  │ -0.889344   │
│ 11  │ FirstGame.First.tiffany x     │ 0.0584151  │ 0.0655105   │
│ 12  │ FirstGame.First.amelia n      │ -0.123002  │ -0.0832062  │
│ 13  │ FirstGame.First.amalia x      │ -0.0104334 │ -0.0087665  │
│ 14  │ FirstGame.First.robert z      │ -0.0704567 │ 0.169875    │
│ 15  │ FirstGame.First.joseph k      │ -0.157489  │ 0.16202     │
│ 16  │ FirstGame.First.peter h       │ -0.0609053 │ 0.153222    │
│ 17  │ FirstGame.First.carl b        │ -0.101908  │ 0.230846    │
│ 18  │ FirstGame.First.mitchell h    │ -0.0627971 │ 0.00771575  │
│ 19  │ FirstGame.First.peter s       │ -0.217216  │ 0.29428     │
│ 20  │ FirstGame.First.joseph h      │ 0.172603   │ 0.0250332   │
│ 21  │ FirstGame.First.cameron k     │ 0.15425    │ 0.229662    │
│ 22  │ FirstGame.First.fletcher l    │ 0.122078   │ 0.0737902   │
│ 23  │ FirstGame.First.amirah u      │ 0.0723623  │ -0.00399241 │
│ 24  │ FirstGame.First.kevin g       │ 0.12764    │ 0.0910729   │
│ 25  │ FirstGame.Second.robert z     │ -0.151851  │ 0.0574825   │
│ 26  │ FirstGame.Second.akash v      │ -0.0723176 │ -0.0384442  │
│ 27  │ FirstGame.Second.amirah u     │ -0.328334  │ 0.27553     │
│ 28  │ FirstGame.Second.peter s      │ -0.115333  │ 0.247958    │
│ 29  │ FirstGame.Second.jimmy i      │ -0.0292614 │ -0.0692679  │
│ 30  │ FirstGame.Second.devin c      │ 0.00260607 │ 0.288939    │
│ 31  │ FirstGame.Second.joseph h     │ -0.122116  │ 0.114504    │
│ 32  │ FirstGame.Second.peter h      │ -0.0261494 │ 0.202826    │
│ 33  │ FirstGame.Second.steven z     │ -0.111918  │ -0.201481   │
│ 34  │ FirstGame.Second.arden f      │ -0.206614  │ -0.0499433  │
│ 35  │ FirstGame.Second.amelia n     │ 0.121674   │ 0.0895122   │
│ 36  │ FirstGame.Second.amalia x     │ -0.0395798 │ -0.172095   │
│ 37  │ FirstGame.Second.brandon l    │ 0.107727   │ -0.19834    │
│ 38  │ FirstGame.Second.fletcher l   │ 0.262065   │ -0.118439   │
│ 39  │ FirstGame.Second.margaret n   │ -0.0935871 │ -0.150014   │
│ 40  │ FirstGame.Second.carl b       │ 0.20605    │ -0.0619079  │
│ 41  │ FirstGame.Second.jordan l     │ -0.193915  │ 0.131427    │
│ 42  │ FirstGame.Second.tiffany x    │ -0.154994  │ -0.0588368  │
│ 43  │ FirstGame.Second.cameron k    │ -0.318139  │ -0.0915412  │
│ 44  │ FirstGame.Second.alexander b  │ -0.440437  │ -0.207464   │
│ 45  │ FirstGame.Second.mitchell h   │ -0.518358  │ 0.217949    │
│ 46  │ FirstGame.Second.joseph k     │ -0.144033  │ -0.0785247  │
│ 47  │ FirstGame.Second.kevin g      │ -0.21347   │ 0.0933658   │
│ 48  │ FirstGame.Second.connor f     │ -0.172029  │ -0.210053   │
│ 49  │ FirstGame.Second.christian x  │ -0.185591  │ 0.015442    │
│ 50  │ FirstGame.Second.luis t       │ -0.237186  │ -0.106433   │
│ 51  │ SecondGame.First.brent p      │ -0.157732  │ 0.319417    │
│ 52  │ SecondGame.First.kiana k      │ -0.139751  │ 0.341729    │
│ 53  │ SecondGame.First.madeline g   │ 0.108898   │ 0.0387416   │
│ 54  │ SecondGame.First.justin y     │ -0.0841364 │ 0.271805    │
│ 55  │ SecondGame.First.ruzhen e     │ 0.279618   │ -0.0554372  │
│ 56  │ SecondGame.First.brandon f    │ 0.0455937  │ 0.170472    │
│ 57  │ SecondGame.First.jackson p    │ 0.0991208  │ 0.181919    │
│ 58  │ SecondGame.First.shane t      │ 0.102408   │ 0.0887818   │
│ 59  │ SecondGame.First.samuel o     │ 0.178972   │ 0.0479684   │
│ 60  │ SecondGame.First.casey f      │ 0.0210926  │ 0.12035     │
│ 61  │ SecondGame.First.keegan q     │ 0.0549714  │ 0.211386    │
│ 62  │ SecondGame.First.nicholas l   │ 0.0906683  │ 0.0975288   │
│ 63  │ SecondGame.First.cameron i    │ 0.0184741  │ 0.146784    │
│ 64  │ SecondGame.First.cormick u    │ 0.117646   │ 0.16336     │
│ 65  │ SecondGame.First.daniel t     │ 0.156624   │ 0.134675    │
│ 66  │ SecondGame.First.christina b  │ 0.130952   │ 0.219719    │
│ 67  │ SecondGame.First.derek v      │ 0.162305   │ 0.169169    │
│ 68  │ SecondGame.First.nicholas n   │ 0.125736   │ 0.15818     │
│ 69  │ SecondGame.First.abigail z    │ 0.18781    │ -0.055238   │
│ 70  │ SecondGame.First.caitlyn y    │ 0.052156   │ 0.0663812   │
│ 71  │ SecondGame.First.nathan d     │ 0.146159   │ -0.0162479  │
│ 72  │ SecondGame.First.luke u       │ 0.269367   │ -0.0980686  │
│ 73  │ SecondGame.Second.jackson p   │ 0.287692   │ 0.0231798   │
│ 74  │ SecondGame.Second.brent p     │ 0.206198   │ 0.0620278   │
│ 75  │ SecondGame.Second.cormick u   │ 0.184583   │ -0.110168   │
│ 76  │ SecondGame.Second.derek v     │ 0.180828   │ 0.016999    │
│ 77  │ SecondGame.Second.luke u      │ 0.164544   │ -0.346304   │
│ 78  │ SecondGame.Second.cameron i   │ 0.0971249  │ 0.124823    │
│ 79  │ SecondGame.Second.nathan d    │ 0.0828817  │ -0.066743   │
│ 80  │ SecondGame.Second.samuel o    │ 0.313866   │ -0.0437404  │
│ 81  │ SecondGame.Second.ruzhen e    │ 0.130095   │ -0.0766393  │
│ 82  │ SecondGame.Second.casey f     │ 0.38195    │ -0.236039   │
│ 83  │ SecondGame.Second.keegan q    │ 0.218645   │ 0.0306672   │
│ 84  │ SecondGame.Second.nicholas n  │ 0.162331   │ 0.139682    │
│ 85  │ SecondGame.Second.justin y    │ 0.216944   │ -0.0147852  │
│ 86  │ SecondGame.Second.abigail z   │ 0.113652   │ -0.271942   │
│ 87  │ SecondGame.Second.daniel t    │ 0.0898434  │ -0.307204   │
│ 88  │ SecondGame.Second.shane t     │ 0.0908641  │ -0.373522   │
│ 89  │ SecondGame.Second.christina b │ 0.199545   │ -0.389712   │
│ 90  │ SecondGame.Second.madeline g  │ 0.294284   │ -0.330232   │
│ 91  │ SecondGame.Second.brandon f   │ -0.151814  │ -0.270648   │
│ 92  │ SecondGame.Second.caitlyn y   │ -0.236441  │ 0.0758521   │
│ 93  │ SecondGame.Second.kiana k     │ -0.304009  │ -0.24356    │
│ 94  │ SecondGame.Second.nicholas l  │ -0.224229  │ -0.115366   │
Codes:
6×19 DataFrames.DataFrame. Omitted printing of 15 columns
│ Row │ code                           │ density  │ pos_x      │ pos_y     │
│     │ Symbol                         │ Float64  │ Float64    │ Float64   │
├─────┼────────────────────────────────┼──────────┼────────────┼───────────┤
│ 1   │ Data                           │ 0.814395 │ 0.00453077 │ -0.352161 │
│ 2   │ Technical_Constraints          │ 0.933403 │ -0.563572  │ 0.626947  │
│ 3   │ Performance_Parameters         │ 0.799432 │ 0.525719   │ -0.500578 │
│ 4   │ Client_and_Consultant_Requests │ 0.298306 │ -0.082317  │ -0.198902 │
│ 5   │ Design_Reasoning               │ 1.0      │ 0.516335   │ 0.42047   │
│ 6   │ Collaboration                  │ 0.2802   │ -0.628075  │ -0.564758 │
Network:
15×4 DataFrames.DataFrame. Omitted printing of 2 columns
│ Row │ relationship                                          │ density   │
│     │ Symbol                                                │ Float64   │
├─────┼───────────────────────────────────────────────────────┼───────────┤
│ 1   │ Technical_Constraints_Performance_Parameters          │ 0.666067  │
│ 2   │ Data_Client_and_Consultant_Requests                   │ 0.180745  │
│ 3   │ Client_and_Consultant_Requests_Collaboration          │ 0.0601998 │
│ 4   │ Design_Reasoning_Collaboration                        │ 0.238609  │
│ 5   │ Data_Performance_Parameters                           │ 0.612509  │
│ 6   │ Data_Collaboration                                    │ 0.172717  │
│ 7   │ Data_Design_Reasoning                                 │ 0.747755  │
│ 8   │ Client_and_Consultant_Requests_Design_Reasoning       │ 0.255857  │
│ 9   │ Technical_Constraints_Collaboration                   │ 0.215453  │
│ 10  │ Performance_Parameters_Client_and_Consultant_Requests │ 0.208733  │
│ 11  │ Performance_Parameters_Design_Reasoning               │ 0.756921  │
│ 12  │ Data_Technical_Constraints                            │ 0.72876   │
│ 13  │ Technical_Constraints_Client_and_Consultant_Requests  │ 0.189126  │
│ 14  │ Performance_Parameters_Collaboration                  │ 0.153379  │
│ 15  │ Technical_Constraints_Design_Reasoning                │ 1.0       │
Model fit (Pearson):
0.9913


Model fit (Variance explained on x-axis):
0.2543


Model fit (Variance explained on y-axis):
0.2681

Main.EpistemicNetworkAnalysis.WindowsArtist
Main.EpistemicNetworkAnalysis.TVRemoteArtist
Main.EpistemicNetworkAnalysis.MeansArtist
Main.EpistemicNetworkAnalysis.Formula2Rotation{GLM.LinearModel,GLM.LinearModel}
Units (refit positions):
94×3 DataFrames.DataFrame
│ Row │ ENA_UNIT                      │ pos_x      │ pos_y       │
│     │ String                        │ Float64    │ Float64     │
├─────┼───────────────────────────────┼────────────┼─────────────┤
│ 1   │ FirstGame.First.steven z      │ 0.0234196  │ -0.138703   │
│ 2   │ FirstGame.First.akash v       │ -0.0598798 │ -0.0104729  │
│ 3   │ FirstGame.First.alexander b   │ -0.105044  │ -0.0760454  │
│ 4   │ FirstGame.First.brandon l     │ -0.0127553 │ -0.0029852  │
│ 5   │ FirstGame.First.jordan l      │ -0.17954   │ -0.178401   │
│ 6   │ FirstGame.First.arden f       │ -0.653085  │ -0.268037   │
│ 7   │ FirstGame.First.margaret n    │ -0.167823  │ 0.00418782  │
│ 8   │ FirstGame.First.connor f      │ 0.0236037  │ -0.0453453  │
│ 9   │ FirstGame.First.jimmy i       │ -0.0717059 │ -0.0889962  │
│ 10  │ FirstGame.First.devin c       │ -0.293871  │ 0.487935    │
│ 11  │ FirstGame.First.tiffany x     │ 0.0557983  │ -0.0992356  │
│ 12  │ FirstGame.First.amelia n      │ -0.137268  │ 0.0537315   │
│ 13  │ FirstGame.First.amalia x      │ -0.0144327 │ 0.00527024  │
│ 14  │ FirstGame.First.robert z      │ -0.0511573 │ -0.141334   │
│ 15  │ FirstGame.First.joseph k      │ -0.150649  │ -0.167638   │
│ 16  │ FirstGame.First.peter h       │ -0.0646411 │ -0.235937   │
│ 17  │ FirstGame.First.carl b        │ -0.0725544 │ -0.154487   │
│ 18  │ FirstGame.First.mitchell h    │ -0.0530119 │ 0.0371499   │
│ 19  │ FirstGame.First.peter s       │ -0.221782  │ -0.353641   │
│ 20  │ FirstGame.First.joseph h      │ 0.153074   │ -0.112541   │
│ 21  │ FirstGame.First.cameron k     │ 0.16499    │ -0.216998   │
│ 22  │ FirstGame.First.fletcher l    │ 0.115078   │ -0.110638   │
│ 23  │ FirstGame.First.amirah u      │ 0.0329621  │ -0.203576   │
│ 24  │ FirstGame.First.kevin g       │ 0.119422   │ -0.138106   │
│ 25  │ FirstGame.Second.robert z     │ -0.142783  │ -0.0043592  │
│ 26  │ FirstGame.Second.akash v      │ -0.0587285 │ 0.13614     │
│ 27  │ FirstGame.Second.amirah u     │ -0.303145  │ -0.250722   │
│ 28  │ FirstGame.Second.peter s      │ -0.0864949 │ -0.13205    │
│ 29  │ FirstGame.Second.jimmy i      │ -0.0345205 │ 0.082951    │
│ 30  │ FirstGame.Second.devin c      │ 0.0288999  │ -0.210145   │
│ 31  │ FirstGame.Second.joseph h     │ -0.0881118 │ 0.0265823   │
│ 32  │ FirstGame.Second.peter h      │ 0.0149267  │ -0.0236893  │
│ 33  │ FirstGame.Second.steven z     │ -0.106891  │ 0.277194    │
│ 34  │ FirstGame.Second.arden f      │ -0.171586  │ 0.237546    │
│ 35  │ FirstGame.Second.amelia n     │ 0.152082   │ 0.0741453   │
│ 36  │ FirstGame.Second.amalia x     │ -0.0373898 │ 0.206901    │
│ 37  │ FirstGame.Second.brandon l    │ 0.100307   │ 0.214635    │
│ 38  │ FirstGame.Second.fletcher l   │ 0.25302    │ 0.138042    │
│ 39  │ FirstGame.Second.margaret n   │ -0.0829754 │ 0.223068    │
│ 40  │ FirstGame.Second.carl b       │ 0.20872    │ 0.112931    │
│ 41  │ FirstGame.Second.jordan l     │ -0.175653  │ -0.0223282  │
│ 42  │ FirstGame.Second.tiffany x    │ -0.143558  │ 0.165524    │
│ 43  │ FirstGame.Second.cameron k    │ -0.30097   │ 0.223214    │
│ 44  │ FirstGame.Second.alexander b  │ -0.440426  │ 0.255346    │
│ 45  │ FirstGame.Second.mitchell h   │ -0.481121  │ -0.0589846  │
│ 46  │ FirstGame.Second.joseph k     │ -0.146771  │ 0.0745106   │
│ 47  │ FirstGame.Second.kevin g      │ -0.182306  │ 0.0643026   │
│ 48  │ FirstGame.Second.connor f     │ -0.169823  │ 0.250796    │
│ 49  │ FirstGame.Second.christian x  │ -0.141308  │ 0.189659    │
│ 50  │ FirstGame.Second.luis t       │ -0.245086  │ 0.0619165   │
│ 51  │ SecondGame.First.brent p      │ -0.110943  │ -0.166091   │
│ 52  │ SecondGame.First.kiana k      │ -0.121249  │ -0.298627   │
│ 53  │ SecondGame.First.madeline g   │ 0.112707   │ 0.00569974  │
│ 54  │ SecondGame.First.justin y     │ -0.0650514 │ -0.240912   │
│ 55  │ SecondGame.First.ruzhen e     │ 0.273531   │ 0.0754135   │
│ 56  │ SecondGame.First.brandon f    │ 0.0804128  │ -0.01895    │
│ 57  │ SecondGame.First.jackson p    │ 0.118723   │ -0.10027    │
│ 58  │ SecondGame.First.shane t      │ 0.11371    │ -0.0399607  │
│ 59  │ SecondGame.First.samuel o     │ 0.171048   │ -0.098147   │
│ 60  │ SecondGame.First.casey f      │ 0.0365413  │ -0.0248142  │
│ 61  │ SecondGame.First.keegan q     │ 0.0908514  │ -0.0542688  │
│ 62  │ SecondGame.First.nicholas l   │ 0.116306   │ 0.0206348   │
│ 63  │ SecondGame.First.cameron i    │ 0.0503482  │ -0.00810625 │
│ 64  │ SecondGame.First.cormick u    │ 0.137742   │ -0.0574764  │
│ 65  │ SecondGame.First.daniel t     │ 0.170844   │ -0.0878128  │
│ 66  │ SecondGame.First.christina b  │ 0.150784   │ -0.152791   │
│ 67  │ SecondGame.First.derek v      │ 0.159904   │ -0.228329   │
│ 68  │ SecondGame.First.nicholas n   │ 0.12548    │ -0.19219    │
│ 69  │ SecondGame.First.abigail z    │ 0.179684   │ -0.0135176  │
│ 70  │ SecondGame.First.caitlyn y    │ 0.0616157  │ -0.0356165  │
│ 71  │ SecondGame.First.nathan d     │ 0.138394   │ -0.0534443  │
│ 72  │ SecondGame.First.luke u       │ 0.277498   │ 0.158158    │
│ 73  │ SecondGame.Second.jackson p   │ 0.283082   │ -0.0386346  │
│ 74  │ SecondGame.Second.brent p     │ 0.209635   │ -0.0619758  │
│ 75  │ SecondGame.Second.cormick u   │ 0.168977   │ 0.0517541   │
│ 76  │ SecondGame.Second.derek v     │ 0.156119   │ -0.127344   │
│ 77  │ SecondGame.Second.luke u      │ 0.0894743  │ -0.0349252  │
│ 78  │ SecondGame.Second.cameron i   │ 0.119642   │ -0.0324533  │
│ 79  │ SecondGame.Second.nathan d    │ 0.0968451  │ 0.171426    │
│ 80  │ SecondGame.Second.samuel o    │ 0.325466   │ 0.131521    │
│ 81  │ SecondGame.Second.ruzhen e    │ 0.140914   │ 0.1609      │
│ 82  │ SecondGame.Second.casey f     │ 0.353553   │ 0.108114    │
│ 83  │ SecondGame.Second.keegan q    │ 0.231335   │ 0.0532298   │
│ 84  │ SecondGame.Second.nicholas n  │ 0.179267   │ -0.0465904  │
│ 85  │ SecondGame.Second.justin y    │ 0.228882   │ 0.105673    │
│ 86  │ SecondGame.Second.abigail z   │ 0.0735048  │ 0.158943    │
│ 87  │ SecondGame.Second.daniel t    │ 0.076051   │ 0.29802     │
│ 88  │ SecondGame.Second.shane t     │ 0.0146315  │ 0.0548034   │
│ 89  │ SecondGame.Second.christina b │ 0.173154   │ 0.330863    │
│ 90  │ SecondGame.Second.madeline g  │ 0.272388   │ 0.29738     │
│ 91  │ SecondGame.Second.brandon f   │ -0.215949  │ -0.0374937  │
│ 92  │ SecondGame.Second.caitlyn y   │ -0.247903  │ -0.143608   │
│ 93  │ SecondGame.Second.kiana k     │ -0.348276  │ 0.0492722   │
│ 94  │ SecondGame.Second.nicholas l  │ -0.247126  │ 0.00425999  │
Codes:
6×19 DataFrames.DataFrame. Omitted printing of 15 columns
│ Row │ code                           │ density  │ pos_x      │ pos_y      │
│     │ Symbol                         │ Float64  │ Float64    │ Float64    │
├─────┼────────────────────────────────┼──────────┼────────────┼────────────┤
│ 1   │ Data                           │ 0.814395 │ -0.0185411 │ 0.259903   │
│ 2   │ Technical_Constraints          │ 0.933403 │ -0.43397   │ -0.0140872 │
│ 3   │ Performance_Parameters         │ 0.799432 │ 0.555766   │ 0.889063   │
│ 4   │ Client_and_Consultant_Requests │ 0.298306 │ -0.181155  │ -0.435457  │
│ 5   │ Design_Reasoning               │ 1.0      │ 0.50443    │ -0.369963  │
│ 6   │ Collaboration                  │ 0.2802   │ -0.711936  │ 0.293827   │
Network:
15×4 DataFrames.DataFrame. Omitted printing of 2 columns
│ Row │ relationship                                          │ density   │
│     │ Symbol                                                │ Float64   │
├─────┼───────────────────────────────────────────────────────┼───────────┤
│ 1   │ Technical_Constraints_Performance_Parameters          │ 0.666067  │
│ 2   │ Data_Client_and_Consultant_Requests                   │ 0.180745  │
│ 3   │ Client_and_Consultant_Requests_Collaboration          │ 0.0601998 │
│ 4   │ Design_Reasoning_Collaboration                        │ 0.238609  │
│ 5   │ Data_Performance_Parameters                           │ 0.612509  │
│ 6   │ Data_Collaboration                                    │ 0.172717  │
│ 7   │ Data_Design_Reasoning                                 │ 0.747755  │
│ 8   │ Client_and_Consultant_Requests_Design_Reasoning       │ 0.255857  │
│ 9   │ Technical_Constraints_Collaboration                   │ 0.215453  │
│ 10  │ Performance_Parameters_Client_and_Consultant_Requests │ 0.208733  │
│ 11  │ Performance_Parameters_Design_Reasoning               │ 0.756921  │
│ 12  │ Data_Technical_Constraints                            │ 0.72876   │
│ 13  │ Technical_Constraints_Client_and_Consultant_Requests  │ 0.189126  │
│ 14  │ Performance_Parameters_Collaboration                  │ 0.153379  │
│ 15  │ Technical_Constraints_Design_Reasoning                │ 1.0       │
Model fit (Pearson):
0.9893


Model fit (Variance explained on x-axis):
0.2566


Model fit (Variance explained on y-axis):
0.1809

Main.EpistemicNetworkAnalysis.WindowsArtist
Main.EpistemicNetworkAnalysis.TVRemoteArtist
Main.EpistemicNetworkAnalysis.MeansArtist
Main.EpistemicNetworkAnalysis.SVDRotation
Units (refit positions):
94×3 DataFrames.DataFrame
│ Row │ ENA_UNIT                      │ pos_x       │ pos_y       │
│     │ String                        │ Float64     │ Float64     │
├─────┼───────────────────────────────┼─────────────┼─────────────┤
│ 1   │ FirstGame.First.steven z      │ 0.0539348   │ 0.161336    │
│ 2   │ FirstGame.First.akash v       │ 0.0510957   │ 0.0704699   │
│ 3   │ FirstGame.First.alexander b   │ 0.0367845   │ -0.0707182  │
│ 4   │ FirstGame.First.brandon l     │ -0.0269892  │ 0.0307279   │
│ 5   │ FirstGame.First.jordan l      │ 0.198935    │ -0.217166   │
│ 6   │ FirstGame.First.arden f       │ 0.718524    │ -0.426316   │
│ 7   │ FirstGame.First.margaret n    │ 0.104669    │ -0.261606   │
│ 8   │ FirstGame.First.connor f      │ 0.00118854  │ -0.129915   │
│ 9   │ FirstGame.First.jimmy i       │ -0.0085688  │ -0.12374    │
│ 10  │ FirstGame.First.devin c       │ -0.116465   │ -0.90606    │
│ 11  │ FirstGame.First.tiffany x     │ -0.0262724  │ 0.0795219   │
│ 12  │ FirstGame.First.amelia n      │ 0.0899947   │ -0.127144   │
│ 13  │ FirstGame.First.amalia x      │ 0.0393341   │ -0.0289691  │
│ 14  │ FirstGame.First.robert z      │ 0.0267328   │ 0.179756    │
│ 15  │ FirstGame.First.joseph k      │ 0.138553    │ 0.12345     │
│ 16  │ FirstGame.First.peter h       │ 0.0155794   │ 0.165925    │
│ 17  │ FirstGame.First.carl b        │ 0.0847238   │ 0.222389    │
│ 18  │ FirstGame.First.mitchell h    │ -0.0434065  │ 0.0335792   │
│ 19  │ FirstGame.First.peter s       │ 0.523782    │ 0.0951989   │
│ 20  │ FirstGame.First.joseph h      │ -0.0910455  │ 0.0575699   │
│ 21  │ FirstGame.First.cameron k     │ 0.0494772   │ 0.219031    │
│ 22  │ FirstGame.First.fletcher l    │ -0.0307963  │ 0.0866151   │
│ 23  │ FirstGame.First.amirah u      │ 0.0308997   │ -0.0267567  │
│ 24  │ FirstGame.First.kevin g       │ -0.0839375  │ 0.131352    │
│ 25  │ FirstGame.Second.robert z     │ 0.122728    │ 0.0152111   │
│ 26  │ FirstGame.Second.akash v      │ -0.0126385  │ -0.0315216  │
│ 27  │ FirstGame.Second.amirah u     │ 0.489712    │ 0.0948054   │
│ 28  │ FirstGame.Second.peter s      │ 0.225171    │ 0.175454    │
│ 29  │ FirstGame.Second.jimmy i      │ -0.0163815  │ -0.0674884  │
│ 30  │ FirstGame.Second.devin c      │ 0.0935677   │ 0.27508     │
│ 31  │ FirstGame.Second.joseph h     │ 0.0669148   │ 0.103714    │
│ 32  │ FirstGame.Second.peter h      │ 0.0555947   │ 0.200694    │
│ 33  │ FirstGame.Second.steven z     │ -0.0224918  │ -0.20376    │
│ 34  │ FirstGame.Second.arden f      │ 0.0352557   │ -0.0554597  │
│ 35  │ FirstGame.Second.amelia n     │ -0.144238   │ 0.160315    │
│ 36  │ FirstGame.Second.amalia x     │ -0.168175   │ -0.106687   │
│ 37  │ FirstGame.Second.brandon l    │ -0.241877   │ -0.111773   │
│ 38  │ FirstGame.Second.fletcher l   │ -0.269935   │ -0.0201174  │
│ 39  │ FirstGame.Second.margaret n   │ -0.124308   │ -0.099259   │
│ 40  │ FirstGame.Second.carl b       │ -0.245729   │ 0.034352    │
│ 41  │ FirstGame.Second.jordan l     │ 0.265737    │ 0.0328906   │
│ 42  │ FirstGame.Second.tiffany x    │ 0.142481    │ -0.121232   │
│ 43  │ FirstGame.Second.cameron k    │ 0.18442     │ -0.165441   │
│ 44  │ FirstGame.Second.alexander b  │ 0.275866    │ -0.32839    │
│ 45  │ FirstGame.Second.mitchell h   │ 0.642651    │ -0.0250076  │
│ 46  │ FirstGame.Second.joseph k     │ 0.0634175   │ -0.108197   │
│ 47  │ FirstGame.Second.kevin g      │ 0.171779    │ 0.0370246   │
│ 48  │ FirstGame.Second.connor f     │ 0.0193783   │ -0.229465   │
│ 49  │ FirstGame.Second.christian x  │ 0.132968    │ -0.0311331  │
│ 50  │ FirstGame.Second.luis t       │ 0.0995735   │ -0.149771   │
│ 51  │ SecondGame.First.brent p      │ 0.222416    │ 0.260479    │
│ 52  │ SecondGame.First.kiana k      │ 0.30909     │ 0.24175     │
│ 53  │ SecondGame.First.madeline g   │ -0.0748828  │ 0.0704875   │
│ 54  │ SecondGame.First.justin y     │ 0.163748    │ 0.228276    │
│ 55  │ SecondGame.First.ruzhen e     │ -0.235002   │ 0.0313246   │
│ 56  │ SecondGame.First.brandon f    │ 0.00926054  │ 0.181499    │
│ 57  │ SecondGame.First.jackson p    │ -0.00157383 │ 0.194659    │
│ 58  │ SecondGame.First.shane t      │ -0.0689916  │ 0.122999    │
│ 59  │ SecondGame.First.samuel o     │ -0.0421116  │ 0.0592997   │
│ 60  │ SecondGame.First.casey f      │ 0.0902488   │ 0.0887048   │
│ 61  │ SecondGame.First.keegan q     │ -0.00168998 │ 0.232018    │
│ 62  │ SecondGame.First.nicholas l   │ -0.0889383  │ 0.144346    │
│ 63  │ SecondGame.First.cameron i    │ 0.0461885   │ 0.139873    │
│ 64  │ SecondGame.First.cormick u    │ -0.0222462  │ 0.183789    │
│ 65  │ SecondGame.First.daniel t     │ -0.16791    │ 0.218648    │
│ 66  │ SecondGame.First.christina b  │ -0.073219   │ 0.269122    │
│ 67  │ SecondGame.First.derek v      │ -0.0635809  │ 0.204496    │
│ 68  │ SecondGame.First.nicholas n   │ -0.0629686  │ 0.195246    │
│ 69  │ SecondGame.First.abigail z    │ -0.168767   │ 0.00464543  │
│ 70  │ SecondGame.First.caitlyn y    │ 0.0209075   │ 0.0589153   │
│ 71  │ SecondGame.First.nathan d     │ -0.12905    │ 0.0317043   │
│ 72  │ SecondGame.First.luke u       │ -0.2918     │ 0.0120746   │
│ 73  │ SecondGame.Second.jackson p   │ -0.195409   │ 0.0980368   │
│ 74  │ SecondGame.Second.brent p     │ -0.160281   │ 0.129369    │
│ 75  │ SecondGame.Second.cormick u   │ -0.101517   │ -0.0874677  │
│ 76  │ SecondGame.Second.derek v     │ 0.0334437   │ -0.0104857  │
│ 77  │ SecondGame.Second.luke u      │ -0.120155   │ -0.339625   │
│ 78  │ SecondGame.Second.cameron i   │ -0.0378032  │ 0.148925    │
│ 79  │ SecondGame.Second.nathan d    │ -0.144165   │ -0.0108115  │
│ 80  │ SecondGame.Second.samuel o    │ -0.268847   │ 0.058964    │
│ 81  │ SecondGame.Second.ruzhen e    │ -0.158141   │ -0.0183351  │
│ 82  │ SecondGame.Second.casey f     │ -0.467417   │ -0.06396    │
│ 83  │ SecondGame.Second.keegan q    │ -0.228619   │ 0.128211    │
│ 84  │ SecondGame.Second.nicholas n  │ -0.0962674  │ 0.190185    │
│ 85  │ SecondGame.Second.justin y    │ -0.257982   │ 0.0923858   │
│ 86  │ SecondGame.Second.abigail z   │ -0.174238   │ -0.225782   │
│ 87  │ SecondGame.Second.daniel t    │ -0.301487   │ -0.201132   │
│ 88  │ SecondGame.Second.shane t     │ -0.126008   │ -0.361278   │
│ 89  │ SecondGame.Second.christina b │ -0.392342   │ -0.256854   │
│ 90  │ SecondGame.Second.madeline g  │ -0.423757   │ -0.182634   │
│ 91  │ SecondGame.Second.brandon f   │ 0.0750398   │ -0.327118   │
│ 92  │ SecondGame.Second.caitlyn y   │ 0.209353    │ 0.000149076 │
│ 93  │ SecondGame.Second.kiana k     │ 0.214688    │ -0.35157    │
│ 94  │ SecondGame.Second.nicholas l  │ 0.174618    │ -0.1969     │
Codes:
6×19 DataFrames.DataFrame. Omitted printing of 15 columns
│ Row │ code                           │ density  │ pos_x     │ pos_y     │
│     │ Symbol                         │ Float64  │ Float64   │ Float64   │
├─────┼────────────────────────────────┼──────────┼───────────┼───────────┤
│ 1   │ Data                           │ 0.814395 │ -0.582991 │ -0.117189 │
│ 2   │ Technical_Constraints          │ 0.933403 │ 0.578272  │ 0.455286  │
│ 3   │ Performance_Parameters         │ 0.799432 │ -0.633414 │ -0.288429 │
│ 4   │ Client_and_Consultant_Requests │ 0.298306 │ 0.275191  │ -0.350927 │
│ 5   │ Design_Reasoning               │ 1.0      │ -0.245698 │ 0.539324  │
│ 6   │ Collaboration                  │ 0.2802   │ 0.423604  │ -0.781247 │
Network:
15×4 DataFrames.DataFrame. Omitted printing of 2 columns
│ Row │ relationship                                          │ density   │
│     │ Symbol                                                │ Float64   │
├─────┼───────────────────────────────────────────────────────┼───────────┤
│ 1   │ Technical_Constraints_Performance_Parameters          │ 0.666067  │
│ 2   │ Data_Client_and_Consultant_Requests                   │ 0.180745  │
│ 3   │ Client_and_Consultant_Requests_Collaboration          │ 0.0601998 │
│ 4   │ Design_Reasoning_Collaboration                        │ 0.238609  │
│ 5   │ Data_Performance_Parameters                           │ 0.612509  │
│ 6   │ Data_Collaboration                                    │ 0.172717  │
│ 7   │ Data_Design_Reasoning                                 │ 0.747755  │
│ 8   │ Client_and_Consultant_Requests_Design_Reasoning       │ 0.255857  │
│ 9   │ Technical_Constraints_Collaboration                   │ 0.215453  │
│ 10  │ Performance_Parameters_Client_and_Consultant_Requests │ 0.208733  │
│ 11  │ Performance_Parameters_Design_Reasoning               │ 0.756921  │
│ 12  │ Data_Technical_Constraints                            │ 0.72876   │
│ 13  │ Technical_Constraints_Client_and_Consultant_Requests  │ 0.189126  │
│ 14  │ Performance_Parameters_Collaboration                  │ 0.153379  │
│ 15  │ Technical_Constraints_Design_Reasoning                │ 1.0       │
Model fit (Pearson):
0.9906


Model fit (Variance explained on x-axis):
0.2931


Model fit (Variance explained on y-axis):
0.264

Main.EpistemicNetworkAnalysis.WindowsArtist
Main.EpistemicNetworkAnalysis.TVRemoteArtist
Main.EpistemicNetworkAnalysis.MeansArtist
